{"level":"INFO","time":"2024-07-07T15:25:33.073+0800","caller":"logger/logger.go:31","msg":"init logger success"}
{"level":"INFO","time":"2024-07-07T15:36:52.975+0800","caller":"logger/logger.go:31","msg":"init logger success"}
{"level":"INFO","time":"2024-07-07T15:37:15.531+0800","caller":"logger/logger.go:68","msg":"/","status":200,"method":"GET","path":"/","query":"","ip":"::1","user-agent":"Mozilla/5.0 (Windows NT 10.0; Win64; x64) AppleWebKit/537.36 (KHTML, like Gecko) Chrome/126.0.0.0 Safari/537.36","errors":"","cost":0}
{"level":"INFO","time":"2024-07-07T15:37:15.812+0800","caller":"logger/logger.go:68","msg":"/favicon.ico","status":404,"method":"GET","path":"/favicon.ico","query":"","ip":"::1","user-agent":"Mozilla/5.0 (Windows NT 10.0; Win64; x64) AppleWebKit/537.36 (KHTML, like Gecko) Chrome/126.0.0.0 Safari/537.36","errors":"","cost":0}
{"level":"INFO","time":"2024-07-07T15:57:10.015+0800","caller":"logger/logger.go:31","msg":"init logger success"}
{"level":"INFO","time":"2024-07-07T15:59:30.364+0800","caller":"logger/logger.go:31","msg":"init logger success"}
{"level":"INFO","time":"2024-07-07T16:01:36.523+0800","caller":"logger/logger.go:31","msg":"init logger success"}
{"level":"INFO","time":"2024-07-07T19:24:25.536+0800","caller":"logger/logger.go:31","msg":"init logger success"}
{"level":"INFO","time":"2024-07-07T19:24:31.001+0800","caller":"logger/logger.go:68","msg":"/signup","status":200,"method":"POST","path":"/signup","query":"","ip":"::1","user-agent":"PostmanRuntime/7.37.3","errors":"","cost":0.000275}
{"level":"ERROR","time":"2024-07-07T19:25:05.221+0800","caller":"controller/user.go:18","msg":"SignUp with invalid param","error":"invalid character '}' looking for beginning of object key string"}
{"level":"INFO","time":"2024-07-07T19:25:05.222+0800","caller":"logger/logger.go:68","msg":"/signup","status":200,"method":"POST","path":"/signup","query":"","ip":"::1","user-agent":"PostmanRuntime/7.37.3","errors":"","cost":0.0006822}
{"level":"INFO","time":"2024-07-07T19:25:42.446+0800","caller":"logger/logger.go:68","msg":"/signup","status":200,"method":"POST","path":"/signup","query":"","ip":"::1","user-agent":"PostmanRuntime/7.37.3","errors":"","cost":0.000484}
{"level":"INFO","time":"2024-07-07T19:30:54.170+0800","caller":"logger/logger.go:31","msg":"init logger success"}
{"level":"ERROR","time":"2024-07-07T19:30:57.011+0800","caller":"controller/user.go:28","msg":"SignUp with invalid param"}
{"level":"INFO","time":"2024-07-07T19:30:57.011+0800","caller":"logger/logger.go:68","msg":"/signup","status":200,"method":"POST","path":"/signup","query":"","ip":"::1","user-agent":"PostmanRuntime/7.37.3","errors":"","cost":0}
{"level":"ERROR","time":"2024-07-07T19:31:10.046+0800","caller":"controller/user.go:28","msg":"SignUp with invalid param"}
{"level":"INFO","time":"2024-07-07T19:31:10.046+0800","caller":"logger/logger.go:68","msg":"/signup","status":200,"method":"POST","path":"/signup","query":"","ip":"::1","user-agent":"PostmanRuntime/7.37.3","errors":"","cost":0.001055}
{"level":"INFO","time":"2024-07-07T19:45:01.971+0800","caller":"logger/logger.go:31","msg":"init logger success"}
{"level":"INFO","time":"2024-07-07T19:45:05.668+0800","caller":"logger/logger.go:68","msg":"/signup","status":200,"method":"POST","path":"/signup","query":"","ip":"::1","user-agent":"PostmanRuntime/7.37.3","errors":"","cost":0.0004456}
{"level":"ERROR","time":"2024-07-07T19:45:12.779+0800","caller":"controller/user.go:19","msg":"SignUp with invalid param","error":"invalid character '}' looking for beginning of object key string"}
{"level":"INFO","time":"2024-07-07T19:45:12.780+0800","caller":"logger/logger.go:68","msg":"/signup","status":200,"method":"POST","path":"/signup","query":"","ip":"::1","user-agent":"PostmanRuntime/7.37.3","errors":"","cost":0.0009055}
{"level":"ERROR","time":"2024-07-07T19:46:13.402+0800","caller":"controller/user.go:19","msg":"SignUp with invalid param","error":"Key: 'ParamSignUp.RePassword' Error:Field validation for 'RePassword' failed on the 'required' tag"}
{"level":"INFO","time":"2024-07-07T19:46:13.403+0800","caller":"logger/logger.go:68","msg":"/signup","status":200,"method":"POST","path":"/signup","query":"","ip":"::1","user-agent":"PostmanRuntime/7.37.3","errors":"","cost":0.0008622}
{"level":"INFO","time":"2024-07-07T19:46:47.369+0800","caller":"logger/logger.go:31","msg":"init logger success"}
{"level":"ERROR","time":"2024-07-07T19:46:49.689+0800","caller":"controller/user.go:19","msg":"SignUp with invalid param","error":"Key: 'ParamSignUp.RePassword' Error:Field validation for 'RePassword' failed on the 'required' tag"}
{"level":"INFO","time":"2024-07-07T19:46:49.689+0800","caller":"logger/logger.go:68","msg":"/signup","status":200,"method":"POST","path":"/signup","query":"","ip":"::1","user-agent":"PostmanRuntime/7.37.3","errors":"","cost":0}
{"level":"INFO","time":"2024-07-07T19:57:34.693+0800","caller":"logger/logger.go:31","msg":"init logger success"}
{"level":"ERROR","time":"2024-07-07T19:57:37.454+0800","caller":"controller/user.go:21","msg":"SignUp with invalid param","error":"Key: 'ParamSignUp.RePassword' Error:Field validation for 'RePassword' failed on the 'required' tag"}
{"level":"INFO","time":"2024-07-07T19:57:37.454+0800","caller":"logger/logger.go:68","msg":"/signup","status":200,"method":"POST","path":"/signup","query":"","ip":"::1","user-agent":"PostmanRuntime/7.37.3","errors":"","cost":0.0005181}
{"level":"INFO","time":"2024-07-07T20:01:03.861+0800","caller":"logger/logger.go:31","msg":"init logger success"}
{"level":"ERROR","time":"2024-07-07T20:01:09.171+0800","caller":"controller/user.go:21","msg":"SignUp with invalid param","error":"Key: 'ParamSignUp.re_password' Error:Field validation for 're_password' failed on the 'required' tag"}
{"level":"INFO","time":"2024-07-07T20:01:09.171+0800","caller":"logger/logger.go:68","msg":"/signup","status":200,"method":"POST","path":"/signup","query":"","ip":"::1","user-agent":"PostmanRuntime/7.37.3","errors":"","cost":0}
{"level":"INFO","time":"2024-07-07T20:06:34.341+0800","caller":"logger/logger.go:31","msg":"init logger success"}
{"level":"ERROR","time":"2024-07-07T20:06:37.349+0800","caller":"controller/user.go:21","msg":"SignUp with invalid param","error":"Key: 'ParamSignUp.re_password' Error:Field validation for 're_password' failed on the 'required' tag"}
{"level":"INFO","time":"2024-07-07T20:06:37.349+0800","caller":"logger/logger.go:68","msg":"/signup","status":200,"method":"POST","path":"/signup","query":"","ip":"::1","user-agent":"PostmanRuntime/7.37.3","errors":"","cost":0.0001751}
{"level":"INFO","time":"2024-07-07T20:07:51.552+0800","caller":"logger/logger.go:31","msg":"init logger success"}
{"level":"ERROR","time":"2024-07-07T20:07:54.460+0800","caller":"logger/logger.go:110","msg":"[Recovery from panic]","error":"Undefined validation function 'eqfiled' on field 'RePassword'","request":"POST /signup HTTP/1.1\r\nHost: localhost:8081\r\nAccept: */*\r\nAccept-Encoding: gzip, deflate, br\r\nConnection: keep-alive\r\nContent-Length: 81\r\nContent-Type: text/plain\r\nPostman-Token: 0e4e0706-c766-40f2-bddf-0647e7910262\r\nUser-Agent: PostmanRuntime/7.37.3\r\n\r\n","stack":"goroutine 45 [running]:\nruntime/debug.Stack()\n\tD:/Environment/go/gopath/pkg/mod/golang.org/toolchain@v0.0.1-go1.22.2.windows-amd64/src/runtime/debug/stack.go:24 +0x5e\nGoBBS/routers.Setup.GinRecovery.func4.1()\n\tD:/code/go/GoBBS/logger/logger.go:113 +0x4d0\npanic({0xcfd9a0?, 0xc0003693a0?})\n\tD:/Environment/go/gopath/pkg/mod/golang.org/toolchain@v0.0.1-go1.22.2.windows-amd64/src/runtime/panic.go:770 +0x132\ngithub.com/go-playground/validator/v10.(*Validate).parseFieldTagsRecursive(0xc000246000, {0xd03572?, 0x0?}, {0xd0354b, 0xa}, {0x0, 0x0}, 0x0)\n\tD:/Environment/go/gopath/pkg/mod/github.com/go-playground/validator/v10@v10.20.0/cache.go:299 +0xa48\ngithub.com/go-playground/validator/v10.(*Validate).extractStructCache(0xc000246000, {0xd6a5e0?, 0xc0003480f0?, 0x12b7fe0?}, {0xcd0348, 0xb})\n\tD:/Environment/go/gopath/pkg/mod/github.com/go-playground/validator/v10@v10.20.0/cache.go:156 +0x5c5\ngithub.com/go-playground/validator/v10.(*validate).validateStruct(0xc0001c2b40, {0xeead00, 0x133cc20}, {0xce58c0?, 0xc0003480f0?, 0x0?}, {0xd6a5e0?, 0xc0003480f0?, 0x0?}, {0xef5248, ...}, ...)\n\tD:/Environment/go/gopath/pkg/mod/github.com/go-playground/validator/v10@v10.20.0/validator.go:38 +0x17c\ngithub.com/go-playground/validator/v10.(*Validate).StructCtx(0xc000246000, {0xeead00, 0x133cc20}, {0xce58c0, 0xc0003480f0})\n\tD:/Environment/go/gopath/pkg/mod/github.com/go-playground/validator/v10@v10.20.0/validator_instance.go:395 +0x445\ngithub.com/go-playground/validator/v10.(*Validate).Struct(...)\n\tD:/Environment/go/gopath/pkg/mod/github.com/go-playground/validator/v10@v10.20.0/validator_instance.go:368\ngithub.com/gin-gonic/gin/binding.(*defaultValidator).validateStruct(0x12b4f00, {0xce58c0, 0xc0003480f0})\n\tD:/Environment/go/gopath/pkg/mod/github.com/gin-gonic/gin@v1.10.0/binding/default_validator.go:83 +0x4b\ngithub.com/gin-gonic/gin/binding.(*defaultValidator).ValidateStruct(0x12b4f00, {0xce58c0, 0xc0003480f0})\n\tD:/Environment/go/gopath/pkg/mod/github.com/gin-gonic/gin@v1.10.0/binding/default_validator.go:60 +0x13e\ngithub.com/gin-gonic/gin/binding.(*defaultValidator).ValidateStruct(0x12b4f00, {0xcf2d40, 0xc0002c6030})\n\tD:/Environment/go/gopath/pkg/mod/github.com/gin-gonic/gin@v1.10.0/binding/default_validator.go:58 +0x118\ngithub.com/gin-gonic/gin/binding.validate(...)\n\tD:/Environment/go/gopath/pkg/mod/github.com/gin-gonic/gin@v1.10.0/binding/binding.go:121\ngithub.com/gin-gonic/gin/binding.decodeJSON({0x2567c373ff0?, 0xc000238480?}, {0xcf2d40, 0xc0002c6030})\n\tD:/Environment/go/gopath/pkg/mod/github.com/gin-gonic/gin@v1.10.0/binding/json.go:55 +0x9c\ngithub.com/gin-gonic/gin/binding.jsonBinding.Bind({}, 0x30?, {0xcf2d40?, 0xc0002c6030?})\n\tD:/Environment/go/gopath/pkg/mod/github.com/gin-gonic/gin@v1.10.0/binding/json.go:37 +0x86\ngithub.com/gin-gonic/gin.(*Context).ShouldBindWith(...)\n\tD:/Environment/go/gopath/pkg/mod/github.com/gin-gonic/gin@v1.10.0/context.go:752\ngithub.com/gin-gonic/gin.(*Context).ShouldBindJSON(...)\n\tD:/Environment/go/gopath/pkg/mod/github.com/gin-gonic/gin@v1.10.0/context.go:712\nGoBBS/controller.SignUpHandler(0xc000376000)\n\tD:/code/go/GoBBS/controller/user.go:19 +0xb4\ngithub.com/gin-gonic/gin.(*Context).Next(0xc000376000)\n\tD:/Environment/go/gopath/pkg/mod/github.com/gin-gonic/gin@v1.10.0/context.go:185 +0x2b\nGoBBS/routers.Setup.GinRecovery.func4(0xc00003b4b8?)\n\tD:/code/go/GoBBS/logger/logger.go:124 +0x52\ngithub.com/gin-gonic/gin.(*Context).Next(0xc000376000)\n\tD:/Environment/go/gopath/pkg/mod/github.com/gin-gonic/gin@v1.10.0/context.go:185 +0x2b\nGoBBS/routers.Setup.GinLogger.func3(0xc000376000)\n\tD:/code/go/GoBBS/logger/logger.go:65 +0x78\ngithub.com/gin-gonic/gin.(*Context).Next(...)\n\tD:/Environment/go/gopath/pkg/mod/github.com/gin-gonic/gin@v1.10.0/context.go:185\ngithub.com/gin-gonic/gin.(*Engine).handleHTTPRequest(0xc000274340, 0xc000376000)\n\tD:/Environment/go/gopath/pkg/mod/github.com/gin-gonic/gin@v1.10.0/gin.go:633 +0x892\ngithub.com/gin-gonic/gin.(*Engine).ServeHTTP(0xc000274340, {0xeea090, 0xc0002c40e0}, 0xc0001385a0)\n\tD:/Environment/go/gopath/pkg/mod/github.com/gin-gonic/gin@v1.10.0/gin.go:589 +0x1b2\nnet/http.serverHandler.ServeHTTP({0xee87f0?}, {0xeea090?, 0xc0002c40e0?}, 0x6?)\n\tD:/Environment/go/gopath/pkg/mod/golang.org/toolchain@v0.0.1-go1.22.2.windows-amd64/src/net/http/server.go:3137 +0x8e\nnet/http.(*conn).serve(0xc00013a3f0, {0xeeaec0, 0xc0001a9ec0})\n\tD:/Environment/go/gopath/pkg/mod/golang.org/toolchain@v0.0.1-go1.22.2.windows-amd64/src/net/http/server.go:2039 +0x5e8\ncreated by net/http.(*Server).Serve in goroutine 1\n\tD:/Environment/go/gopath/pkg/mod/golang.org/toolchain@v0.0.1-go1.22.2.windows-amd64/src/net/http/server.go:3285 +0x4b4\n"}
{"level":"INFO","time":"2024-07-07T20:07:54.460+0800","caller":"logger/logger.go:68","msg":"/signup","status":500,"method":"POST","path":"/signup","query":"","ip":"::1","user-agent":"PostmanRuntime/7.37.3","errors":"","cost":0.0005053}
{"level":"ERROR","time":"2024-07-07T20:08:11.776+0800","caller":"logger/logger.go:110","msg":"[Recovery from panic]","error":"Undefined validation function 'eqfiled' on field 'RePassword'","request":"POST /signup HTTP/1.1\r\nHost: localhost:8081\r\nAccept: */*\r\nAccept-Encoding: gzip, deflate, br\r\nConnection: keep-alive\r\nContent-Length: 80\r\nContent-Type: text/plain\r\nPostman-Token: b58bac3c-ef16-4c2f-aa2f-3f063cd551e2\r\nUser-Agent: PostmanRuntime/7.37.3\r\n\r\n","stack":"goroutine 45 [running]:\nruntime/debug.Stack()\n\tD:/Environment/go/gopath/pkg/mod/golang.org/toolchain@v0.0.1-go1.22.2.windows-amd64/src/runtime/debug/stack.go:24 +0x5e\nGoBBS/routers.Setup.GinRecovery.func4.1()\n\tD:/code/go/GoBBS/logger/logger.go:113 +0x4d0\npanic({0xcfd9a0?, 0xc0003694c0?})\n\tD:/Environment/go/gopath/pkg/mod/golang.org/toolchain@v0.0.1-go1.22.2.windows-amd64/src/runtime/panic.go:770 +0x132\ngithub.com/go-playground/validator/v10.(*Validate).parseFieldTagsRecursive(0xc000246000, {0xd03572?, 0x0?}, {0xd0354b, 0xa}, {0x0, 0x0}, 0x0)\n\tD:/Environment/go/gopath/pkg/mod/github.com/go-playground/validator/v10@v10.20.0/cache.go:299 +0xa48\ngithub.com/go-playground/validator/v10.(*Validate).extractStructCache(0xc000246000, {0xd6a5e0?, 0xc000348390?, 0x50?}, {0xcd0348, 0xb})\n\tD:/Environment/go/gopath/pkg/mod/github.com/go-playground/validator/v10@v10.20.0/cache.go:156 +0x5c5\ngithub.com/go-playground/validator/v10.(*validate).validateStruct(0xc0001c2ea0, {0xeead00, 0x133cc20}, {0xce58c0?, 0xc000348390?, 0x0?}, {0xd6a5e0?, 0xc000348390?, 0x0?}, {0xef5248, ...}, ...)\n\tD:/Environment/go/gopath/pkg/mod/github.com/go-playground/validator/v10@v10.20.0/validator.go:38 +0x17c\ngithub.com/go-playground/validator/v10.(*Validate).StructCtx(0xc000246000, {0xeead00, 0x133cc20}, {0xce58c0, 0xc000348390})\n\tD:/Environment/go/gopath/pkg/mod/github.com/go-playground/validator/v10@v10.20.0/validator_instance.go:395 +0x445\ngithub.com/go-playground/validator/v10.(*Validate).Struct(...)\n\tD:/Environment/go/gopath/pkg/mod/github.com/go-playground/validator/v10@v10.20.0/validator_instance.go:368\ngithub.com/gin-gonic/gin/binding.(*defaultValidator).validateStruct(0x12b4f00, {0xce58c0, 0xc000348390})\n\tD:/Environment/go/gopath/pkg/mod/github.com/gin-gonic/gin@v1.10.0/binding/default_validator.go:83 +0x4b\ngithub.com/gin-gonic/gin/binding.(*defaultValidator).ValidateStruct(0x12b4f00, {0xce58c0, 0xc000348390})\n\tD:/Environment/go/gopath/pkg/mod/github.com/gin-gonic/gin@v1.10.0/binding/default_validator.go:60 +0x13e\ngithub.com/gin-gonic/gin/binding.(*defaultValidator).ValidateStruct(0x12b4f00, {0xcf2d40, 0xc0002c6058})\n\tD:/Environment/go/gopath/pkg/mod/github.com/gin-gonic/gin@v1.10.0/binding/default_validator.go:58 +0x118\ngithub.com/gin-gonic/gin/binding.validate(...)\n\tD:/Environment/go/gopath/pkg/mod/github.com/gin-gonic/gin@v1.10.0/binding/binding.go:121\ngithub.com/gin-gonic/gin/binding.decodeJSON({0x2567c373ff0?, 0xc000238640?}, {0xcf2d40, 0xc0002c6058})\n\tD:/Environment/go/gopath/pkg/mod/github.com/gin-gonic/gin@v1.10.0/binding/json.go:55 +0x9c\ngithub.com/gin-gonic/gin/binding.jsonBinding.Bind({}, 0x30?, {0xcf2d40?, 0xc0002c6058?})\n\tD:/Environment/go/gopath/pkg/mod/github.com/gin-gonic/gin@v1.10.0/binding/json.go:37 +0x86\ngithub.com/gin-gonic/gin.(*Context).ShouldBindWith(...)\n\tD:/Environment/go/gopath/pkg/mod/github.com/gin-gonic/gin@v1.10.0/context.go:752\ngithub.com/gin-gonic/gin.(*Context).ShouldBindJSON(...)\n\tD:/Environment/go/gopath/pkg/mod/github.com/gin-gonic/gin@v1.10.0/context.go:712\nGoBBS/controller.SignUpHandler(0xc000376000)\n\tD:/code/go/GoBBS/controller/user.go:19 +0xb4\ngithub.com/gin-gonic/gin.(*Context).Next(0xc000376000)\n\tD:/Environment/go/gopath/pkg/mod/github.com/gin-gonic/gin@v1.10.0/context.go:185 +0x2b\nGoBBS/routers.Setup.GinRecovery.func4(0xc00003b4b8?)\n\tD:/code/go/GoBBS/logger/logger.go:124 +0x52\ngithub.com/gin-gonic/gin.(*Context).Next(0xc000376000)\n\tD:/Environment/go/gopath/pkg/mod/github.com/gin-gonic/gin@v1.10.0/context.go:185 +0x2b\nGoBBS/routers.Setup.GinLogger.func3(0xc000376000)\n\tD:/code/go/GoBBS/logger/logger.go:65 +0x78\ngithub.com/gin-gonic/gin.(*Context).Next(...)\n\tD:/Environment/go/gopath/pkg/mod/github.com/gin-gonic/gin@v1.10.0/context.go:185\ngithub.com/gin-gonic/gin.(*Engine).handleHTTPRequest(0xc000274340, 0xc000376000)\n\tD:/Environment/go/gopath/pkg/mod/github.com/gin-gonic/gin@v1.10.0/gin.go:633 +0x892\ngithub.com/gin-gonic/gin.(*Engine).ServeHTTP(0xc000274340, {0xeea090, 0xc0002c4380}, 0xc0001c2d80)\n\tD:/Environment/go/gopath/pkg/mod/github.com/gin-gonic/gin@v1.10.0/gin.go:589 +0x1b2\nnet/http.serverHandler.ServeHTTP({0xee87f0?}, {0xeea090?, 0xc0002c4380?}, 0x6?)\n\tD:/Environment/go/gopath/pkg/mod/golang.org/toolchain@v0.0.1-go1.22.2.windows-amd64/src/net/http/server.go:3137 +0x8e\nnet/http.(*conn).serve(0xc00013a3f0, {0xeeaec0, 0xc0001a9ec0})\n\tD:/Environment/go/gopath/pkg/mod/golang.org/toolchain@v0.0.1-go1.22.2.windows-amd64/src/net/http/server.go:2039 +0x5e8\ncreated by net/http.(*Server).Serve in goroutine 1\n\tD:/Environment/go/gopath/pkg/mod/golang.org/toolchain@v0.0.1-go1.22.2.windows-amd64/src/net/http/server.go:3285 +0x4b4\n"}
{"level":"INFO","time":"2024-07-07T20:08:11.776+0800","caller":"logger/logger.go:68","msg":"/signup","status":500,"method":"POST","path":"/signup","query":"","ip":"::1","user-agent":"PostmanRuntime/7.37.3","errors":"","cost":0.0005526}
{"level":"INFO","time":"2024-07-07T20:09:10.755+0800","caller":"logger/logger.go:31","msg":"init logger success"}
{"level":"INFO","time":"2024-07-07T20:09:13.082+0800","caller":"logger/logger.go:68","msg":"/signup","status":200,"method":"POST","path":"/signup","query":"","ip":"::1","user-agent":"PostmanRuntime/7.37.3","errors":"","cost":0.0001638}
{"level":"ERROR","time":"2024-07-07T20:09:16.807+0800","caller":"controller/user.go:21","msg":"SignUp with invalid param","error":"Key: 'ParamSignUp.re_password' Error:Field validation for 're_password' failed on the 'eqfield' tag"}
{"level":"INFO","time":"2024-07-07T20:09:16.807+0800","caller":"logger/logger.go:68","msg":"/signup","status":200,"method":"POST","path":"/signup","query":"","ip":"::1","user-agent":"PostmanRuntime/7.37.3","errors":"","cost":0.0009334}
{"level":"INFO","time":"2024-07-07T20:12:45.897+0800","caller":"logger/logger.go:31","msg":"init logger success"}
{"level":"ERROR","time":"2024-07-07T20:12:47.902+0800","caller":"controller/user.go:21","msg":"SignUp with invalid param","error":"Key: 'ParamSignUp.RePassword' Error:Field validation for 'RePassword' failed on the 'eqfield' tag"}
{"level":"INFO","time":"2024-07-07T20:12:47.902+0800","caller":"logger/logger.go:68","msg":"/signup","status":200,"method":"POST","path":"/signup","query":"","ip":"::1","user-agent":"PostmanRuntime/7.37.3","errors":"","cost":0}
{"level":"INFO","time":"2024-07-07T20:30:07.284+0800","caller":"logger/logger.go:31","msg":"init logger success"}
{"level":"ERROR","time":"2024-07-07T20:30:23.981+0800","caller":"controller/user.go:18","msg":"SignUp with invalid param","error":"Key: 'ParamSignUp.RePassword' Error:Field validation for 'RePassword' failed on the 'eqfield' tag"}
{"level":"INFO","time":"2024-07-07T20:30:23.981+0800","caller":"logger/logger.go:68","msg":"/signup","status":200,"method":"POST","path":"/signup","query":"","ip":"::1","user-agent":"PostmanRuntime/7.37.3","errors":"","cost":0.0005163}
{"level":"INFO","time":"2024-07-07T20:30:27.200+0800","caller":"logger/logger.go:68","msg":"/signup","status":200,"method":"POST","path":"/signup","query":"","ip":"::1","user-agent":"PostmanRuntime/7.37.3","errors":"","cost":0.0614568}
{"level":"INFO","time":"2024-07-07T20:52:25.195+0800","caller":"logger/logger.go:31","msg":"init logger success"}
{"level":"ERROR","time":"2024-07-07T20:52:43.901+0800","caller":"controller/user.go:18","msg":"SignUp with invalid param","error":"Key: 'ParamSignUp.RePassword' Error:Field validation for 'RePassword' failed on the 'eqfield' tag"}
{"level":"INFO","time":"2024-07-07T20:52:43.901+0800","caller":"logger/logger.go:68","msg":"/signup","status":200,"method":"POST","path":"/signup","query":"","ip":"::1","user-agent":"PostmanRuntime/7.37.3","errors":"","cost":0.0001846}
{"level":"INFO","time":"2024-07-07T20:53:12.817+0800","caller":"logger/logger.go:68","msg":"/signup","status":200,"method":"POST","path":"/signup","query":"","ip":"::1","user-agent":"PostmanRuntime/7.37.3","errors":"","cost":0.0224496}
{"level":"INFO","time":"2024-07-07T20:54:37.426+0800","caller":"logger/logger.go:68","msg":"/signup","status":200,"method":"POST","path":"/signup","query":"","ip":"::1","user-agent":"PostmanRuntime/7.37.3","errors":"","cost":0.0237722}
{"level":"INFO","time":"2024-07-07T20:59:13.023+0800","caller":"logger/logger.go:31","msg":"init logger success"}
{"level":"INFO","time":"2024-07-07T21:00:00.673+0800","caller":"logger/logger.go:31","msg":"init logger success"}
{"level":"INFO","time":"2024-07-07T21:01:56.678+0800","caller":"logger/logger.go:31","msg":"init logger success"}
{"level":"INFO","time":"2024-07-07T21:02:06.664+0800","caller":"logger/logger.go:31","msg":"init logger success"}
{"level":"INFO","time":"2024-07-07T21:02:24.419+0800","caller":"logger/logger.go:68","msg":"/signup","status":200,"method":"POST","path":"/signup","query":"","ip":"::1","user-agent":"PostmanRuntime/7.37.3","errors":"","cost":14.3324171}
{"level":"INFO","time":"2024-07-07T21:02:25.548+0800","caller":"logger/logger.go:31","msg":"init logger success"}
{"level":"INFO","time":"2024-07-07T21:04:21.110+0800","caller":"logger/logger.go:68","msg":"/signup","status":200,"method":"POST","path":"/signup","query":"","ip":"::1","user-agent":"PostmanRuntime/7.37.3","errors":"","cost":110.3093585}
{"level":"INFO","time":"2024-07-07T21:05:26.218+0800","caller":"logger/logger.go:31","msg":"init logger success"}
{"level":"INFO","time":"2024-07-07T21:05:34.922+0800","caller":"logger/logger.go:31","msg":"init logger success"}
{"level":"INFO","time":"2024-07-07T21:06:42.678+0800","caller":"logger/logger.go:68","msg":"/signup","status":200,"method":"POST","path":"/signup","query":"","ip":"::1","user-agent":"PostmanRuntime/7.37.3","errors":"","cost":52.5219846}
{"level":"INFO","time":"2024-07-07T21:13:52.592+0800","caller":"logger/logger.go:31","msg":"init logger success"}
{"level":"ERROR","time":"2024-07-07T21:14:00.243+0800","caller":"controller/user.go:35","msg":"signup failed,err:","error":"用户已存在"}
{"level":"INFO","time":"2024-07-07T21:14:00.243+0800","caller":"logger/logger.go:68","msg":"/signup","status":200,"method":"POST","path":"/signup","query":"","ip":"::1","user-agent":"PostmanRuntime/7.37.3","errors":"","cost":0.0252152}
{"level":"INFO","time":"2024-07-07T21:14:45.282+0800","caller":"logger/logger.go:31","msg":"init logger success"}
{"level":"ERROR","time":"2024-07-07T21:14:47.058+0800","caller":"controller/user.go:35","msg":"signup failed,err:","error":"用户已存在"}
{"level":"INFO","time":"2024-07-07T21:14:47.058+0800","caller":"logger/logger.go:68","msg":"/signup","status":200,"method":"POST","path":"/signup","query":"","ip":"::1","user-agent":"PostmanRuntime/7.37.3","errors":"","cost":0.0227404}
{"level":"INFO","time":"2024-07-07T21:37:13.219+0800","caller":"logger/logger.go:40","msg":"init logger success"}
{"level":"ERROR","time":"2024-07-07T21:37:18.643+0800","caller":"controller/user.go:18","msg":"SignUp with invalid param","error":"Key: 'ParamSignUp.RePassword' Error:Field validation for 'RePassword' failed on the 'eqfield' tag"}
{"level":"INFO","time":"2024-07-07T21:37:18.643+0800","caller":"logger/logger.go:77","msg":"/signup","status":200,"method":"POST","path":"/signup","query":"","ip":"::1","user-agent":"PostmanRuntime/7.37.3","errors":"","cost":0.0005252}
{"level":"INFO","time":"2024-07-07T21:41:57.575+0800","caller":"logger/logger.go:40","msg":"init logger success"}
{"level":"INFO","time":"2024-07-07T21:42:12.730+0800","caller":"logger/logger.go:40","msg":"init logger success"}
{"level":"INFO","time":"2024-07-07T21:43:05.398+0800","caller":"logger/logger.go:40","msg":"init logger success"}
{"level":"INFO","time":"2024-07-08T14:22:49.563+0800","caller":"logger/logger.go:40","msg":"init logger success"}
{"level":"INFO","time":"2024-07-08T14:23:14.524+0800","caller":"logger/logger.go:77","msg":"/login","status":404,"method":"POST","path":"/login","query":"","ip":"::1","user-agent":"PostmanRuntime/7.39.0","errors":"","cost":0}
{"level":"INFO","time":"2024-07-08T14:24:05.929+0800","caller":"logger/logger.go:77","msg":"/login","status":404,"method":"POST","path":"/login","query":"","ip":"::1","user-agent":"PostmanRuntime/7.39.0","errors":"","cost":0}
{"level":"INFO","time":"2024-07-08T14:24:48.113+0800","caller":"logger/logger.go:77","msg":"/login","status":404,"method":"POST","path":"/login","query":"","ip":"::1","user-agent":"PostmanRuntime/7.39.0","errors":"","cost":0}
{"level":"INFO","time":"2024-07-08T14:24:57.138+0800","caller":"logger/logger.go:40","msg":"init logger success"}
{"level":"INFO","time":"2024-07-08T14:25:12.555+0800","caller":"logger/logger.go:40","msg":"init logger success"}
{"level":"INFO","time":"2024-07-08T14:25:15.735+0800","caller":"logger/logger.go:77","msg":"/login","status":200,"method":"POST","path":"/login","query":"","ip":"::1","user-agent":"PostmanRuntime/7.39.0","errors":"","cost":0.0126355}
{"level":"INFO","time":"2024-07-08T14:30:05.617+0800","caller":"logger/logger.go:40","msg":"init logger success"}
{"level":"INFO","time":"2024-07-08T14:30:09.043+0800","caller":"logger/logger.go:77","msg":"/login","status":200,"method":"POST","path":"/login","query":"","ip":"::1","user-agent":"PostmanRuntime/7.39.0","errors":"","cost":0.0225248}
{"level":"INFO","time":"2024-07-08T14:30:57.918+0800","caller":"logger/logger.go:77","msg":"/login","status":200,"method":"POST","path":"/login","query":"","ip":"::1","user-agent":"PostmanRuntime/7.39.0","errors":"","cost":0.0228236}
{"level":"INFO","time":"2024-07-08T14:31:02.540+0800","caller":"logger/logger.go:77","msg":"/login","status":200,"method":"POST","path":"/login","query":"","ip":"::1","user-agent":"PostmanRuntime/7.39.0","errors":"","cost":0.022238}
{"level":"INFO","time":"2024-07-08T14:31:40.130+0800","caller":"logger/logger.go:40","msg":"init logger success"}
{"level":"INFO","time":"2024-07-08T14:32:25.885+0800","caller":"logger/logger.go:77","msg":"/login","status":200,"method":"POST","path":"/login","query":"","ip":"::1","user-agent":"PostmanRuntime/7.39.0","errors":"","cost":41.0674461}
{"level":"INFO","time":"2024-07-08T14:32:28.877+0800","caller":"logger/logger.go:40","msg":"init logger success"}
{"level":"INFO","time":"2024-07-08T14:32:50.329+0800","caller":"logger/logger.go:77","msg":"/login","status":200,"method":"POST","path":"/login","query":"","ip":"::1","user-agent":"PostmanRuntime/7.39.0","errors":"","cost":19.2142134}
{"level":"INFO","time":"2024-07-08T16:57:35.509+0800","caller":"logger/logger.go:40","msg":"init logger success"}
{"level":"ERROR","time":"2024-07-08T16:57:38.052+0800","caller":"controller/user.go:68","msg":"login failed,err:","username":"chenchen1","error":"用户名不存在"}
{"level":"INFO","time":"2024-07-08T16:57:38.052+0800","caller":"logger/logger.go:77","msg":"/login","status":200,"method":"POST","path":"/login","query":"","ip":"::1","user-agent":"PostmanRuntime/7.39.0","errors":"","cost":0.0229575}
{"level":"ERROR","time":"2024-07-08T16:57:43.815+0800","caller":"controller/user.go:68","msg":"login failed,err:","username":"chenchen","error":"密码错误"}
{"level":"INFO","time":"2024-07-08T16:57:43.815+0800","caller":"logger/logger.go:77","msg":"/login","status":200,"method":"POST","path":"/login","query":"","ip":"::1","user-agent":"PostmanRuntime/7.39.0","errors":"","cost":0.0247053}
{"level":"INFO","time":"2024-07-08T16:57:46.669+0800","caller":"logger/logger.go:77","msg":"/login","status":200,"method":"POST","path":"/login","query":"","ip":"::1","user-agent":"PostmanRuntime/7.39.0","errors":"","cost":0.0236761}
{"level":"INFO","time":"2024-07-08T17:05:20.710+0800","caller":"logger/logger.go:77","msg":"/ping","status":200,"method":"GET","path":"/ping","query":"","ip":"::1","user-agent":"PostmanRuntime/7.39.0","errors":"","cost":0}
{"level":"INFO","time":"2024-07-08T19:10:11.652+0800","caller":"logger/logger.go:40","msg":"init logger success"}
{"level":"INFO","time":"2024-07-08T19:10:16.204+0800","caller":"logger/logger.go:77","msg":"/ping","status":200,"method":"GET","path":"/ping","query":"","ip":"::1","user-agent":"PostmanRuntime/7.39.0","errors":"","cost":0}
{"level":"INFO","time":"2024-07-08T19:11:02.871+0800","caller":"logger/logger.go:77","msg":"/login","status":404,"method":"GET","path":"/login","query":"","ip":"::1","user-agent":"PostmanRuntime/7.39.0","errors":"","cost":0}
{"level":"INFO","time":"2024-07-08T19:11:31.038+0800","caller":"logger/logger.go:77","msg":"/login","status":200,"method":"POST","path":"/login","query":"","ip":"::1","user-agent":"PostmanRuntime/7.39.0","errors":"","cost":0.0295307}
{"level":"INFO","time":"2024-07-08T19:11:48.717+0800","caller":"logger/logger.go:77","msg":"/ping","status":200,"method":"GET","path":"/ping","query":"","ip":"::1","user-agent":"PostmanRuntime/7.39.0","errors":"","cost":0.0002667}
